# JRE version: OpenJDK Runtime Environment (11.0.11+9) (build 11.0.11+9-b60-7590822)
# Java VM: OpenJDK 64-Bit Server VM (11.0.11+9-b60-7590822, mixed mode, tiered, compressed oops, g1 gc, windows-amd64)
Heap:
 garbage-first heap   total 406528K, used 317723K [0x0000000080000000, 0x0000000100000000)
  region size 1024K, 58 young (59392K), 5 survivors (5120K)
 Metaspace       used 135034K, capacity 139006K, committed 139292K, reserved 1169408K
  class space    used 17112K, capacity 18599K, committed 18688K, reserved 1048576K
GC Heap History (20 events):
Event: 339.411 GC heap before
{Heap before GC invocations=66 (full 0):
 garbage-first heap   total 227328K, used 191796K [0x0000000080000000, 0x0000000100000000)
  region size 1024K, 25 young (25600K), 4 survivors (4096K)
 Metaspace       used 120630K, capacity 123854K, committed 124060K, reserved 1157120K
  class space    used 15115K, capacity 16244K, committed 16256K, reserved 1048576K
}
Event: 339.415 GC heap after
{Heap after GC invocations=67 (full 0):
 garbage-first heap   total 227328K, used 169307K [0x0000000080000000, 0x0000000100000000)
  region size 1024K, 1 young (1024K), 1 survivors (1024K)
 Metaspace       used 120630K, capacity 123854K, committed 124060K, reserved 1157120K
  class space    used 15115K, capacity 16244K, committed 16256K, reserved 1048576K
}
Event: 340.353 GC heap before
{Heap before GC invocations=68 (full 0):
 garbage-first heap   total 227328K, used 183643K [0x0000000080000000, 0x0000000100000000)
  region size 1024K, 25 young (25600K), 1 survivors (1024K)
 Metaspace       used 121265K, capacity 124489K, committed 124700K, reserved 1157120K
  class space    used 15156K, capacity 16306K, committed 16384K, reserved 1048576K
}
Event: 340.361 GC heap after
{Heap after GC invocations=69 (full 0):
 garbage-first heap   total 406528K, used 157633K [0x0000000080000000, 0x0000000100000000)
  region size 1024K, 1 young (1024K), 1 survivors (1024K)
 Metaspace       used 121265K, capacity 124489K, committed 124700K, reserved 1157120K
  class space    used 15156K, capacity 16306K, committed 16384K, reserved 1048576K
}
Event: 340.808 GC heap before
{Heap before GC invocations=69 (full 0):
 garbage-first heap   total 406528K, used 175041K [0x0000000080000000, 0x0000000100000000)
  region size 1024K, 19 young (19456K), 1 survivors (1024K)
 Metaspace       used 122444K, capacity 125611K, committed 125852K, reserved 1159168K
  class space    used 15295K, capacity 16444K, committed 16512K, reserved 1048576K
}
Event: 340.811 GC heap after
{Heap after GC invocations=70 (full 0):
 garbage-first heap   total 406528K, used 150156K [0x0000000080000000, 0x0000000100000000)
  region size 1024K, 1 young (1024K), 1 survivors (1024K)
 Metaspace       used 122444K, capacity 125611K, committed 125852K, reserved 1159168K
  class space    used 15295K, capacity 16444K, committed 16512K, reserved 1048576K
}
Event: 343.523 GC heap before
{Heap before GC invocations=70 (full 0):
 garbage-first heap   total 406528K, used 296588K [0x0000000080000000, 0x0000000100000000)
  region size 1024K, 124 young (126976K), 1 survivors (1024K)
 Metaspace       used 125984K, capacity 129334K, committed 129436K, reserved 1161216K
  class space    used 15710K, capacity 16946K, committed 17024K, reserved 1048576K
}
Event: 343.545 GC heap after
{Heap after GC invocations=71 (full 0):
 garbage-first heap   total 406528K, used 185237K [0x0000000080000000, 0x0000000100000000)
  region size 1024K, 16 young (16384K), 16 survivors (16384K)
 Metaspace       used 125984K, capacity 129334K, committed 129436K, reserved 1161216K
  class space    used 15710K, capacity 16946K, committed 17024K, reserved 1048576K
}
Event: 344.657 GC heap before
{Heap before GC invocations=71 (full 0):
 garbage-first heap   total 406528K, used 298901K [0x0000000080000000, 0x0000000100000000)
  region size 1024K, 127 young (130048K), 16 survivors (16384K)
 Metaspace       used 129831K, capacity 133301K, committed 133404K, reserved 1165312K
  class space    used 16391K, capacity 17661K, committed 17664K, reserved 1048576K
}
Event: 344.717 GC heap after
{Heap after GC invocations=72 (full 0):
 garbage-first heap   total 406528K, used 226781K [0x0000000080000000, 0x0000000100000000)
  region size 1024K, 16 young (16384K), 16 survivors (16384K)
 Metaspace       used 129831K, capacity 133301K, committed 133404K, reserved 1165312K
  class space    used 16391K, capacity 17661K, committed 17664K, reserved 1048576K
}
Event: 346.304 GC heap before
{Heap before GC invocations=72 (full 0):
 garbage-first heap   total 406528K, used 313821K [0x0000000080000000, 0x0000000100000000)
  region size 1024K, 92 young (94208K), 16 survivors (16384K)
 Metaspace       used 131073K, capacity 134784K, committed 134940K, reserved 1167360K
  class space    used 16567K, capacity 17912K, committed 17920K, reserved 1048576K
}
Event: 346.348 GC heap after
{Heap after GC invocations=73 (full 0):
 garbage-first heap   total 406528K, used 245376K [0x0000000080000000, 0x0000000100000000)
  region size 1024K, 7 young (7168K), 7 survivors (7168K)
 Metaspace       used 131073K, capacity 134784K, committed 134940K, reserved 1167360K
  class space    used 16567K, capacity 17912K, committed 17920K, reserved 1048576K
}
Event: 347.184 GC heap before
{Heap before GC invocations=73 (full 0):
 garbage-first heap   total 406528K, used 327296K [0x0000000080000000, 0x0000000100000000)
  region size 1024K, 79 young (80896K), 7 survivors (7168K)
 Metaspace       used 131376K, capacity 135091K, committed 135324K, reserved 1167360K
  class space    used 16602K, capacity 17969K, committed 18048K, reserved 1048576K
}
Event: 347.205 GC heap after
{Heap after GC invocations=74 (full 0):
 garbage-first heap   total 406528K, used 264256K [0x0000000080000000, 0x0000000100000000)
  region size 1024K, 10 young (10240K), 10 survivors (10240K)
 Metaspace       used 131376K, capacity 135091K, committed 135324K, reserved 1167360K
  class space    used 16602K, capacity 17969K, committed 18048K, reserved 1048576K
}
Event: 348.048 GC heap before
{Heap before GC invocations=74 (full 0):
 garbage-first heap   total 406528K, used 334912K [0x0000000080000000, 0x0000000100000000)
  region size 1024K, 72 young (73728K), 10 survivors (10240K)
 Metaspace       used 131973K, capacity 135787K, committed 135836K, reserved 1167360K
  class space    used 16652K, capacity 18040K, committed 18048K, reserved 1048576K
}
Event: 348.059 GC heap after
{Heap after GC invocations=75 (full 0):
 garbage-first heap   total 406528K, used 262681K [0x0000000080000000, 0x0000000100000000)
  region size 1024K, 5 young (5120K), 5 survivors (5120K)
 Metaspace       used 131973K, capacity 135787K, committed 135836K, reserved 1167360K
  class space    used 16652K, capacity 18040K, committed 18048K, reserved 1048576K
}
Event: 348.453 GC heap before
{Heap before GC invocations=75 (full 0):
 garbage-first heap   total 406528K, used 332313K [0x0000000080000000, 0x0000000100000000)
  region size 1024K, 72 young (73728K), 5 survivors (5120K)
 Metaspace       used 132318K, capacity 136068K, committed 136220K, reserved 1167360K
  class space    used 16693K, capacity 18111K, committed 18176K, reserved 1048576K
}
Event: 348.457 GC heap after
{Heap after GC invocations=76 (full 0):
 garbage-first heap   total 406528K, used 263655K [0x0000000080000000, 0x0000000100000000)
  region size 1024K, 4 young (4096K), 4 survivors (4096K)
 Metaspace       used 132318K, capacity 136068K, committed 136220K, reserved 1167360K
  class space    used 16693K, capacity 18111K, committed 18176K, reserved 1048576K
}
Event: 348.654 GC heap before
{Heap before GC invocations=76 (full 0):
 garbage-first heap   total 406528K, used 336359K [0x0000000080000000, 0x0000000100000000)
  region size 1024K, 75 young (76800K), 4 survivors (4096K)
 Metaspace       used 132318K, capacity 136068K, committed 136220K, reserved 1167360K
  class space    used 16693K, capacity 18111K, committed 18176K, reserved 1048576K
}
Event: 348.658 GC heap after
{Heap after GC invocations=77 (full 0):
 garbage-first heap   total 406528K, used 264475K [0x0000000080000000, 0x0000000100000000)
  region size 1024K, 5 young (5120K), 5 survivors (5120K)
 Metaspace       used 132318K, capacity 136068K, committed 136220K, reserved 1167360K
  class space    used 16693K, capacity 18111K, committed 18176K, reserved 1048576K
}

